C:\Users\MONSTER\source\repos\DevFrameworkArc\DevMvcAngularUI\tsScripts\Scripts\app\app.component.js
C:\Users\MONSTER\source\repos\DevFrameworkArc\DevMvcAngularUI\tsScripts\Scripts\app\app.component.js.map
C:\Users\MONSTER\source\repos\DevFrameworkArc\DevMvcAngularUI\tsScripts\Scripts\app\hello-world\hello-world.component.js
C:\Users\MONSTER\source\repos\DevFrameworkArc\DevMvcAngularUI\tsScripts\Scripts\app\hello-world\hello-world.component.js.map
C:\Users\MONSTER\source\repos\DevFrameworkArc\DevMvcAngularUI\tsScripts\Scripts\app\hello-world-template.component.js
C:\Users\MONSTER\source\repos\DevFrameworkArc\DevMvcAngularUI\tsScripts\Scripts\app\hello-world-template.component.js.map
C:\Users\MONSTER\source\repos\DevFrameworkArc\DevMvcAngularUI\tsScripts\Scripts\app\hello-world-ngif\hello-world-ngif.component.js
C:\Users\MONSTER\source\repos\DevFrameworkArc\DevMvcAngularUI\tsScripts\Scripts\app\hello-world-ngif\hello-world-ngif.component.js.map
C:\Users\MONSTER\source\repos\DevFrameworkArc\DevMvcAngularUI\tsScripts\Scripts\app\logger.service.js
C:\Users\MONSTER\source\repos\DevFrameworkArc\DevMvcAngularUI\tsScripts\Scripts\app\logger.service.js.map
C:\Users\MONSTER\source\repos\DevFrameworkArc\DevMvcAngularUI\tsScripts\Scripts\app\hello-world-di\hello-world-di.component.js
C:\Users\MONSTER\source\repos\DevFrameworkArc\DevMvcAngularUI\tsScripts\Scripts\app\hello-world-di\hello-world-di.component.js.map
C:\Users\MONSTER\source\repos\DevFrameworkArc\DevMvcAngularUI\tsScripts\Scripts\app\hello-world-interpolation\hello-world-interpolation.component.js
C:\Users\MONSTER\source\repos\DevFrameworkArc\DevMvcAngularUI\tsScripts\Scripts\app\hello-world-interpolation\hello-world-interpolation.component.js.map
C:\Users\MONSTER\source\repos\DevFrameworkArc\DevMvcAngularUI\tsScripts\Scripts\app\hello-world-bindings\hello-world-bindings.component.js
C:\Users\MONSTER\source\repos\DevFrameworkArc\DevMvcAngularUI\tsScripts\Scripts\app\hello-world-bindings\hello-world-bindings.component.js.map
C:\Users\MONSTER\source\repos\DevFrameworkArc\DevMvcAngularUI\tsScripts\Scripts\app\app.module.js
C:\Users\MONSTER\source\repos\DevFrameworkArc\DevMvcAngularUI\tsScripts\Scripts\app\app.module.js.map
C:\Users\MONSTER\source\repos\DevFrameworkArc\DevMvcAngularUI\tsScripts\Scripts\main.js
C:\Users\MONSTER\source\repos\DevFrameworkArc\DevMvcAngularUI\tsScripts\Scripts\main.js.map
